
💬 Cron Comments - 19:06:01
  حساب: @sheinabood142
  📍 https://www.instagram.com/p/DV4VpxBino4/
  ✓ 4 كومنت (1 جديد)
  📍 https://www.instagram.com/p/DSdInzWAmTu/
  ✓ 6 كومنت (5 جديد)
  ✅ انتهى


💬 Cron Comments - 19:07:00
  حساب: @sheinabood142
  📍 https://www.instagram.com/p/DV4VpxBino4/
  ✓ 4 كومنت (0 جديد)
  📍 https://www.instagram.com/p/DSdInzWAmTu/
  ✓ 6 كومنت (0 جديد)
  ✅ انتهى


💬 Cron Comments - 19:08:00
  حساب: @sheinabood142
  📍 https://www.instagram.com/p/DV4VpxBino4/
  ✓ 4 كومنت (0 جديد)
  📍 https://www.instagram.com/p/DSdInzWAmTu/
  ✓ 6 كومنت (0 جديد)
  ✅ انتهى


💬 Cron Comments - 19:09:00
  حساب: @sheinabood142
  📍 https://www.instagram.com/p/DV4VpxBino4/
  ✓ 4 كومنت (0 جديد)
  📍 https://www.instagram.com/p/DSdInzWAmTu/
  ✓ 6 كومنت (0 جديد)
  ✅ انتهى


💬 Cron Comments - 19:10:00
  حساب: @sheinabood142
  📍 https://www.instagram.com/p/DV4VpxBino4/
  ✓ 4 كومنت (0 جديد)
  📍 https://www.instagram.com/p/DSdInzWAmTu/
  ✓ 6 كومنت (0 جديد)
  ✅ انتهى


💬 Cron Comments - 19:11:01
  حساب: @sheinabood142
  📍 https://www.instagram.com/p/DV4VpxBino4/
  ✓ 4 كومنت (0 جديد)
  📍 https://www.instagram.com/p/DSdInzWAmTu/
  ✓ 6 كومنت (0 جديد)
  ✅ انتهى


💬 Cron Comments - 19:12:01
  حساب: @sheinabood142
  📍 https://www.instagram.com/p/DV4VpxBino4/
  ❌ Page.goto: Timeout 30000ms exceeded.
Call log:
  - navigating to "https://www.instagram.com/p/DV4VpxBino4/", waiting until "domcontentloaded"

  📍 https://www.instagram.com/p/DSdInzWAmTu/
  ✓ 6 كومنت (0 جديد)
  ✅ انتهى


💬 Cron Comments - 19:13:01
  حساب: @sheinabood142
  📍 https://www.instagram.com/p/DV4VpxBino4/
  ✓ 4 كومنت (0 جديد)
  📍 https://www.instagram.com/p/DSdInzWAmTu/
  ✓ 6 كومنت (0 جديد)
  ✅ انتهى


💬 Cron Comments - 19:14:00
  حساب: @sheinabood142
  📍 https://www.instagram.com/p/DV4VpxBino4/
  ✓ 4 كومنت (0 جديد)
  📍 https://www.instagram.com/p/DSdInzWAmTu/
  ✓ 6 كومنت (0 جديد)
  ✅ انتهى


💬 Cron Comments - 19:15:01
  حساب: @sheinabood142
  📍 https://www.instagram.com/p/DV4VpxBino4/
  ✓ 4 كومنت (0 جديد)
  📍 https://www.instagram.com/p/DSdInzWAmTu/
  ✓ 6 كومنت (0 جديد)
  ✅ انتهى


💬 Cron Comments - 19:16:00
  حساب: @sheinabood142
  📍 https://www.instagram.com/p/DV4VpxBino4/
  ✓ 4 كومنت (0 جديد)
  📍 https://www.instagram.com/p/DSdInzWAmTu/
  ✓ 6 كومنت (0 جديد)
  ✅ انتهى


💬 Cron Comments - 19:17:00
  حساب: @sheinabood142
  📍 https://www.instagram.com/p/DV4VpxBino4/
  ✓ 4 كومنت (0 جديد)
  📍 https://www.instagram.com/p/DSdInzWAmTu/
  ✓ 6 كومنت (0 جديد)
  ✅ انتهى


💬 Cron Comments - 19:18:00
  حساب: @sheinabood142
  📍 https://www.instagram.com/p/DV4VpxBino4/
  ✓ 4 كومنت (0 جديد)
  📍 https://www.instagram.com/p/DSdInzWAmTu/
  ✓ 6 كومنت (0 جديد)
  ✅ انتهى


💬 Cron Comments - 19:19:01
  حساب: @sheinabood142
  📍 https://www.instagram.com/p/DV4VpxBino4/
  ✓ 4 كومنت (0 جديد)
  📍 https://www.instagram.com/p/DSdInzWAmTu/
  ✓ 6 كومنت (0 جديد)
  ✅ انتهى


💬 Cron Comments - 19:20:01
  حساب: @sheinabood142
  📍 https://www.instagram.com/p/DV4VpxBino4/
  ✓ 4 كومنت (0 جديد)
  📍 https://www.instagram.com/p/DSdInzWAmTu/
  ✓ 6 كومنت (0 جديد)
  ✅ انتهى


💬 Cron Comments - 19:21:01
  حساب: @sheinabood142
  📍 https://www.instagram.com/p/DV4VpxBino4/
  ✓ 4 كومنت (0 جديد)
  📍 https://www.instagram.com/p/DSdInzWAmTu/
  ✓ 6 كومنت (0 جديد)
  ✅ انتهى


💬 Cron Comments - 19:22:00
  حساب: @sheinabood142
  📍 https://www.instagram.com/p/DV4VpxBino4/
  ✓ 4 كومنت (0 جديد)
  📍 https://www.instagram.com/p/DSdInzWAmTu/
  ✓ 6 كومنت (0 جديد)
  ✅ انتهى


💬 Cron Comments - 19:23:00
  حساب: @sheinabood142
  📍 https://www.instagram.com/p/DV4VpxBino4/
  ✓ 4 كومنت (0 جديد)
  📍 https://www.instagram.com/p/DSdInzWAmTu/
  ✓ 6 كومنت (0 جديد)
  ✅ انتهى


💬 Cron Comments - 19:24:01
  حساب: @sheinabood142
  📍 https://www.instagram.com/p/DV4VpxBino4/
  ✓ 5 كومنت (1 جديد)
  📍 https://www.instagram.com/p/DSdInzWAmTu/
  ✓ 7 كومنت (1 جديد)
  ✅ انتهى


💬 Cron Comments - 19:25:00
  حساب: @sheinabood142
  📍 https://www.instagram.com/p/DV4VpxBino4/
  ✓ 5 كومنت (0 جديد)
  📍 https://www.instagram.com/p/DSdInzWAmTu/
  ✓ 7 كومنت (0 جديد)
  ✅ انتهى


💬 Cron Comments - 19:26:01
  حساب: @sheinabood142
  📍 https://www.instagram.com/p/DV4VpxBino4/
  ✓ 5 كومنت (0 جديد)
  📍 https://www.instagram.com/p/DSdInzWAmTu/
  ✓ 7 كومنت (0 جديد)
  ✅ انتهى

